#
# A fatal error has been detected by the Java Runtime Environment:
#
#  EXCEPTION_STACK_OVERFLOW (0xc00000fd) at pc=0x0000000065fd4d37, pid=41100, tid=0x0000000000004c88
#
# JRE version: Java(TM) SE Runtime Environment (8.0_191-b12) (build 1.8.0_191-b12)
# Java VM: Java HotSpot(TM) 64-Bit Server VM (25.191-b12 mixed mode windows-amd64 compressed oops)
# Problematic frame:
# V  [jvm.dll+0x214d37]
#
# Failed to write core dump. Minidumps are not enabled by default on client versions of Windows
#
# If you would like to submit a bug report, please visit:
#   http://bugreport.java.com/bugreport/crash.jsp
#

---------------  T H R E A D  ---------------

Current thread (0x00000000208c8000):  JavaThread "http-nio-8080-exec-9" daemon [_thread_in_vm, id=19592, stack(0x00000000227a0000,0x00000000228a0000)]

siginfo: ExceptionCode=0xc00000fd, ExceptionInformation=0x0000000000000001 0x000000002289d650 

Registers:
RAX=0x000000002289d650, RBX=0x0000000000000003, RCX=0x0000000000002000, RDX=0x0000000000000006
RSP=0x000000002289f650, RBP=0x0000000000000000, RSI=0x000000002289f650, RDI=0x0000000000000003
R8 =0x0000000000000006, R9 =0x000000001d88bf70, R10=0x0000000019b1e1d8, R11=0x00000000227aa148
R12=0x000000001d88bf70, R13=0x00000000208c8000, R14=0x000000002289f718, R15=0x0000000019b1e1d8
RIP=0x0000000065fd4d37, EFLAGS=0x0000000000010206

Top of Stack: (sp=0x000000002289f650)
0x000000002289f650:   000088af66c639c9 00000007c0006bd0
0x000000002289f660:   00000000208c8000 000000001d88bf70
0x000000002289f670:   00000000ffffffff 0000000065fd5c67
0x000000002289f680:   000000002289f780 0000000019b1e1d8
0x000000002289f690:   00000000208c8000 0000000065e81213
0x000000002289f6a0:   000000002289f6e0 00000000208c8000
0x000000002289f6b0:   000000002289f770 00000000208c8000
0x000000002289f6c0:   0000000019b1e1d8 00000000208c8000
0x000000002289f6d0:   0000000003423be0 00000000208c8000
0x000000002289f6e0:   0000000019b1e1d8 00000000208c8000
0x000000002289f6f0:   0000000019b1e1d8 00000000208c8000
0x000000002289f700:   0000000000000001 0000000019b1e1d8
0x000000002289f710:   00000000208c8000 0000000020aece10
0x000000002289f720:   00000000208c8000 0000000065e8297d
0x000000002289f730:   000000002289fa38 00000007c0006bd0
0x000000002289f740:   00000007c04cea18 0000000000000000 

Instructions: (pc=0x0000000065fd4d37)
0x0000000065fd4d17:   48 89 6c 24 30 33 ed 66 90 e8 1b 4e 08 00 ff c3
0x0000000065fd4d27:   48 63 c8 48 8b c6 48 0f af cf 48 ff c7 48 2b c1
0x0000000065fd4d37:   89 28 48 63 c3 48 3b 05 65 8b 59 00 7e db 48 8b
0x0000000065fd4d47:   6c 24 30 48 8b 5c 24 38 48 8b 74 24 40 48 83 c4 


Register to memory mapping:

RAX=0x000000002289d650 is pointing into the stack for thread: 0x00000000208c8000
RBX=0x0000000000000003 is an unknown value
RCX=0x0000000000002000 is an unknown value
RDX=0x0000000000000006 is an unknown value
RSP=0x000000002289f650 is pointing into the stack for thread: 0x00000000208c8000
RBP=0x0000000000000000 is an unknown value
RSI=0x000000002289f650 is pointing into the stack for thread: 0x00000000208c8000
RDI=0x0000000000000003 is an unknown value
R8 =0x0000000000000006 is an unknown value
R9 =0x000000001d88bf70 is an unknown value
R10={method} {0x0000000019b1e1e0} 'run' '()V' in 'java/lang/Thread'
R11=0x00000000227aa148 is pointing into the stack for thread: 0x00000000208c8000
R12=0x000000001d88bf70 is an unknown value
R13=0x00000000208c8000 is a thread
R14=0x000000002289f718 is pointing into the stack for thread: 0x00000000208c8000
R15={method} {0x0000000019b1e1e0} 'run' '()V' in 'java/lang/Thread'


Stack: [0x00000000227a0000,0x00000000228a0000],  sp=0x000000002289f650,  free space=1021k
Native frames: (J=compiled Java code, j=interpreted, Vv=VM code, C=native code)


---------------  P R O C E S S  ---------------

Java Threads: ( => current thread )
  0x000000001e146800 JavaThread "http-nio-8080-Acceptor-0" daemon [_thread_in_native, id=26652, stack(0x0000000022ba0000,0x0000000022ca0000)]
  0x000000001e148000 JavaThread "http-nio-8080-ClientPoller-1" daemon [_thread_in_native, id=20052, stack(0x0000000022aa0000,0x0000000022ba0000)]
  0x00000000208cb800 JavaThread "http-nio-8080-ClientPoller-0" daemon [_thread_in_native, id=28852, stack(0x00000000229a0000,0x0000000022aa0000)]
  0x00000000208c8800 JavaThread "http-nio-8080-exec-10" daemon [_thread_blocked, id=2816, stack(0x00000000228a0000,0x00000000229a0000)]
=>0x00000000208c8000 JavaThread "http-nio-8080-exec-9" daemon [_thread_in_vm, id=19592, stack(0x00000000227a0000,0x00000000228a0000)]
  0x00000000208c7000 JavaThread "http-nio-8080-exec-8" daemon [_thread_blocked, id=29272, stack(0x00000000226a0000,0x00000000227a0000)]
  0x00000000208cb000 JavaThread "http-nio-8080-exec-7" daemon [_thread_blocked, id=13228, stack(0x00000000225a0000,0x00000000226a0000)]
  0x00000000208c6800 JavaThread "http-nio-8080-exec-6" daemon [_thread_blocked, id=11508, stack(0x00000000224a0000,0x00000000225a0000)]
  0x00000000208c9800 JavaThread "http-nio-8080-exec-5" daemon [_thread_blocked, id=45572, stack(0x00000000223a0000,0x00000000224a0000)]
  0x00000000208bf000 JavaThread "http-nio-8080-exec-4" daemon [_thread_in_vm, id=13084, stack(0x00000000222a0000,0x00000000223a0000)]
  0x00000000208c2800 JavaThread "http-nio-8080-exec-3" daemon [_thread_blocked, id=32636, stack(0x00000000221a0000,0x00000000222a0000)]
  0x00000000208c2000 JavaThread "http-nio-8080-exec-2" daemon [_thread_blocked, id=1540, stack(0x00000000220a0000,0x00000000221a0000)]
  0x00000000208bf800 JavaThread "http-nio-8080-exec-1" daemon [_thread_blocked, id=20580, stack(0x0000000021ca0000,0x0000000021da0000)]
  0x00000000208c4000 JavaThread "NioBlockingSelector.BlockPoller-5" daemon [_thread_in_native, id=15120, stack(0x00000000215a0000,0x00000000216a0000)]
  0x00000000208c5000 JavaThread "scheduling-1" [_thread_blocked, id=39080, stack(0x00000000202d0000,0x00000000203d0000)]
  0x00000000208c5800 JavaThread "File Watcher" daemon [_thread_blocked, id=1236, stack(0x00000000201d0000,0x00000000202d0000)]
  0x00000000208bc800 JavaThread "Druid-ConnectionPool-Destroy-1501013848" daemon [_thread_blocked, id=20900, stack(0x000000001e6d0000,0x000000001e7d0000)]
  0x00000000208be000 JavaThread "Druid-ConnectionPool-Create-1501013848" daemon [_thread_blocked, id=19852, stack(0x000000001e5d0000,0x000000001e6d0000)]
  0x00000000208c3800 JavaThread "container-0" [_thread_blocked, id=19076, stack(0x000000001d150000,0x000000001d250000)]
  0x00000000208c1000 JavaThread "Catalina-utility-2" [_thread_blocked, id=18776, stack(0x000000001c650000,0x000000001c750000)]
  0x00000000208bd800 JavaThread "Catalina-utility-1" [_thread_blocked, id=30792, stack(0x0000000002f10000,0x0000000003010000)]
  0x00000000208c0800 JavaThread "restartedMain" [_thread_blocked, id=34180, stack(0x000000001cf50000,0x000000001d050000)]
  0x000000001e142000 JavaThread "Thread-52" [_thread_blocked, id=38768, stack(0x00000000010d0000,0x00000000011d0000)]
  0x00000000208ca000 JavaThread "DestroyJavaVM" [_thread_blocked, id=15904, stack(0x0000000003110000,0x0000000003210000)]
  0x000000001e141800 JavaThread "Live Reload Server" daemon [_thread_in_native, id=46316, stack(0x0000000021da0000,0x0000000021ea0000)]
  0x000000001e143800 JavaThread "mysql-cj-abandoned-connection-cleanup" daemon [_thread_blocked, id=28524, stack(0x000000001ffd0000,0x00000000200d0000)]
  0x000000001c2e5000 JavaThread "RMI Scheduler(0)" daemon [_thread_blocked, id=46148, stack(0x000000001d050000,0x000000001d150000)]
  0x000000001c1be800 JavaThread "RMI TCP Accept-0" daemon [_thread_in_native, id=41548, stack(0x000000001cd50000,0x000000001ce50000)]
  0x000000001c157000 JavaThread "RMI TCP Accept-62485" daemon [_thread_in_native, id=30908, stack(0x000000001cc50000,0x000000001cd50000)]
  0x000000001c146000 JavaThread "RMI TCP Accept-0" daemon [_thread_in_native, id=27328, stack(0x000000001cb50000,0x000000001cc50000)]
  0x000000001bef9000 JavaThread "Service Thread" daemon [_thread_blocked, id=32280, stack(0x000000001ca50000,0x000000001cb50000)]
  0x000000001bee1000 JavaThread "C1 CompilerThread2" daemon [_thread_blocked, id=10884, stack(0x000000001c950000,0x000000001ca50000)]
  0x000000001bc02800 JavaThread "C2 CompilerThread1" daemon [_thread_blocked, id=43244, stack(0x000000001c850000,0x000000001c950000)]
  0x000000001bc01800 JavaThread "C2 CompilerThread0" daemon [_thread_blocked, id=4860, stack(0x000000001c750000,0x000000001c850000)]
  0x000000001b892800 JavaThread "Attach Listener" daemon [_thread_blocked, id=2332, stack(0x000000001bd50000,0x000000001be50000)]
  0x000000001a4b6800 JavaThread "Signal Dispatcher" daemon [_thread_blocked, id=27308, stack(0x000000001bc50000,0x000000001bd50000)]
  0x000000000330a800 JavaThread "Finalizer" daemon [_thread_blocked, id=40976, stack(0x000000001b6f0000,0x000000001b7f0000)]
  0x0000000003307000 JavaThread "Reference Handler" daemon [_thread_blocked, id=38900, stack(0x000000001b5f0000,0x000000001b6f0000)]

Other Threads:
  0x000000001a457000 VMThread [stack: 0x000000001b4f0000,0x000000001b5f0000] [id=24556]
  0x000000001c15d000 WatcherThread [stack: 0x000000001ce50000,0x000000001cf50000] [id=41132]

VM state:synchronizing (normal execution)

VM Mutex/Monitor currently owned by a thread:  ([mutex/lock_event])
[0x000000000131def0] Threads_lock - owner thread: 0x000000001a457000

Heap:
 PSYoungGen      total 189952K, used 146497K [0x0000000780980000, 0x000000078d180000, 0x00000007c0000000)
  eden space 175104K, 83% used [0x0000000780980000,0x00000007898904b8,0x000000078b480000)
  from space 14848K, 0% used [0x000000078b480000,0x000000078b480000,0x000000078c300000)
  to   space 14848K, 0% used [0x000000078c300000,0x000000078c300000,0x000000078d180000)
 ParOldGen       total 106496K, used 24686K [0x0000000701c00000, 0x0000000708400000, 0x0000000780980000)
  object space 106496K, 23% used [0x0000000701c00000,0x000000070341b830,0x0000000708400000)
 Metaspace       used 47097K, capacity 49937K, committed 50176K, reserved 1093632K
  class space    used 6393K, capacity 6907K, committed 6912K, reserved 1048576K

Card table byte_map: [0x00000000127d0000,0x0000000012dd0000] byte_map_base: 0x000000000efc2000

Marking Bits: (ParMarkBitMap*) 0x00000000665e3e30
 Begin Bits: [0x00000000135d0000, 0x0000000016560000)
 End Bits:   [0x0000000016560000, 0x00000000194f0000)

Polling page: 0x0000000000bf0000

CodeCache: size=245760Kb used=11825Kb max_used=11825Kb free=233935Kb
 bounds [0x0000000003410000, 0x0000000003fa0000, 0x0000000012410000]
 total_blobs=6385 nmethods=5901 adapters=395
 compilation: enabled

Compilation events (10 events):
Event: 527.702 Thread 0x000000001bee1000 nmethod 5987 0x0000000003f99a90 code [0x0000000003f99ce0, 0x0000000003f9a5a8]
Event: 527.702 Thread 0x000000001bee1000 5988       1       sun.reflect.annotation.AnnotationInvocationHandler::memberValueEquals (266 bytes)
Event: 527.703 Thread 0x000000001bee1000 nmethod 5988 0x0000000003f9af50 code [0x0000000003f9b1a0, 0x0000000003f9b988]
Event: 527.726 Thread 0x000000001bee1000 5989       1       java.util.Hashtable::access$100 (6 bytes)
Event: 527.726 Thread 0x000000001bee1000 nmethod 5989 0x0000000003f9bdd0 code [0x0000000003f9bf40, 0x0000000003f9c0e8]
Event: 527.726 Thread 0x000000001bee1000 5990       1       java.util.Hashtable::getIterator (22 bytes)
Event: 527.726 Thread 0x000000001bee1000 nmethod 5990 0x0000000003f9c1d0 code [0x0000000003f9c340, 0x0000000003f9c508]
Event: 527.742 Thread 0x000000001bee1000 5992       1       java.security.AccessController::getContext (23 bytes)
Event: 527.742 Thread 0x000000001bee1000 nmethod 5992 0x0000000003f9c910 code [0x0000000003f9ca80, 0x0000000003f9cc18]
Event: 527.746 Thread 0x000000001bee1000 5993       1       org.springframework.context.event.AbstractApplicationEventMulticaster::supportsEvent (43 bytes)

GC Heap History (10 events):
Event: 473.825 GC heap before
{Heap before GC invocations=17 (full 4):
 PSYoungGen      total 189440K, used 3552K [0x0000000780980000, 0x000000078d280000, 0x00000007c0000000)
  eden space 174592K, 0% used [0x0000000780980000,0x0000000780980000,0x000000078b400000)
  from space 14848K, 23% used [0x000000078b400000,0x000000078b778000,0x000000078c280000)
  to   space 15360K, 0% used [0x000000078c380000,0x000000078c380000,0x000000078d280000)
 ParOldGen       total 106496K, used 22401K [0x0000000701c00000, 0x0000000708400000, 0x0000000780980000)
  object space 106496K, 21% used [0x0000000701c00000,0x00000007031e0410,0x0000000708400000)
 Metaspace       used 46266K, capacity 48751K, committed 49024K, reserved 1091584K
  class space    used 6287K, capacity 6747K, committed 6784K, reserved 1048576K
Event: 474.010 GC heap after
Heap after GC invocations=17 (full 4):
 PSYoungGen      total 189440K, used 0K [0x0000000780980000, 0x000000078d280000, 0x00000007c0000000)
  eden space 174592K, 0% used [0x0000000780980000,0x0000000780980000,0x000000078b400000)
  from space 14848K, 0% used [0x000000078b400000,0x000000078b400000,0x000000078c280000)
  to   space 15360K, 0% used [0x000000078c380000,0x000000078c380000,0x000000078d280000)
 ParOldGen       total 106496K, used 22706K [0x0000000701c00000, 0x0000000708400000, 0x0000000780980000)
  object space 106496K, 21% used [0x0000000701c00000,0x000000070322c9d8,0x0000000708400000)
 Metaspace       used 46252K, capacity 48727K, committed 49024K, reserved 1091584K
  class space    used 6285K, capacity 6742K, committed 6784K, reserved 1048576K
}
Event: 499.537 GC heap before
{Heap before GC invocations=18 (full 4):
 PSYoungGen      total 189440K, used 160246K [0x0000000780980000, 0x000000078d280000, 0x00000007c0000000)
  eden space 174592K, 91% used [0x0000000780980000,0x000000078a5fdae0,0x000000078b400000)
  from space 14848K, 0% used [0x000000078b400000,0x000000078b400000,0x000000078c280000)
  to   space 15360K, 0% used [0x000000078c380000,0x000000078c380000,0x000000078d280000)
 ParOldGen       total 106496K, used 22706K [0x0000000701c00000, 0x0000000708400000, 0x0000000780980000)
  object space 106496K, 21% used [0x0000000701c00000,0x000000070322c9d8,0x0000000708400000)
 Metaspace       used 46575K, capacity 49237K, committed 49408K, reserved 1091584K
  class space    used 6330K, capacity 6816K, committed 6912K, reserved 1048576K
Event: 499.543 GC heap after
Heap after GC invocations=18 (full 4):
 PSYoungGen      total 189440K, used 4997K [0x0000000780980000, 0x000000078d180000, 0x00000007c0000000)
  eden space 175104K, 0% used [0x0000000780980000,0x0000000780980000,0x000000078b480000)
  from space 14336K, 34% used [0x000000078c380000,0x000000078c861450,0x000000078d180000)
  to   space 14848K, 0% used [0x000000078b480000,0x000000078b480000,0x000000078c300000)
 ParOldGen       total 106496K, used 22714K [0x0000000701c00000, 0x0000000708400000, 0x0000000780980000)
  object space 106496K, 21% used [0x0000000701c00000,0x000000070322e9d8,0x0000000708400000)
 Metaspace       used 46575K, capacity 49237K, committed 49408K, reserved 1091584K
  class space    used 6330K, capacity 6816K, committed 6912K, reserved 1048576K
}
Event: 499.543 GC heap before
{Heap before GC invocations=19 (full 5):
 PSYoungGen      total 189440K, used 4997K [0x0000000780980000, 0x000000078d180000, 0x00000007c0000000)
  eden space 175104K, 0% used [0x0000000780980000,0x0000000780980000,0x000000078b480000)
  from space 14336K, 34% used [0x000000078c380000,0x000000078c861450,0x000000078d180000)
  to   space 14848K, 0% used [0x000000078b480000,0x000000078b480000,0x000000078c300000)
 ParOldGen       total 106496K, used 22714K [0x0000000701c00000, 0x0000000708400000, 0x0000000780980000)
  object space 106496K, 21% used [0x0000000701c00000,0x000000070322e9d8,0x0000000708400000)
 Metaspace       used 46575K, capacity 49237K, committed 49408K, reserved 1091584K
  class space    used 6330K, capacity 6816K, committed 6912K, reserved 1048576K
Event: 499.695 GC heap after
Heap after GC invocations=19 (full 5):
 PSYoungGen      total 189440K, used 0K [0x0000000780980000, 0x000000078d180000, 0x00000007c0000000)
  eden space 175104K, 0% used [0x0000000780980000,0x0000000780980000,0x000000078b480000)
  from space 14336K, 0% used [0x000000078c380000,0x000000078c380000,0x000000078d180000)
  to   space 14848K, 0% used [0x000000078b480000,0x000000078b480000,0x000000078c300000)
 ParOldGen       total 106496K, used 24425K [0x0000000701c00000, 0x0000000708400000, 0x0000000780980000)
  object space 106496K, 22% used [0x0000000701c00000,0x00000007033da470,0x0000000708400000)
 Metaspace       used 46561K, capacity 49213K, committed 49408K, reserved 1091584K
  class space    used 6328K, capacity 6811K, committed 6912K, reserved 1048576K
}
Event: 523.883 GC heap before
{Heap before GC invocations=20 (full 5):
 PSYoungGen      total 189440K, used 158019K [0x0000000780980000, 0x000000078d180000, 0x00000007c0000000)
  eden space 175104K, 90% used [0x0000000780980000,0x000000078a3d0e98,0x000000078b480000)
  from space 14336K, 0% used [0x000000078c380000,0x000000078c380000,0x000000078d180000)
  to   space 14848K, 0% used [0x000000078b480000,0x000000078b480000,0x000000078c300000)
 ParOldGen       total 106496K, used 24425K [0x0000000701c00000, 0x0000000708400000, 0x0000000780980000)
  object space 106496K, 22% used [0x0000000701c00000,0x00000007033da470,0x0000000708400000)
 Metaspace       used 46857K, capacity 49621K, committed 49920K, reserved 1091584K
  class space    used 6365K, capacity 6868K, committed 6912K, reserved 1048576K
Event: 523.890 GC heap after
Heap after GC invocations=20 (full 5):
 PSYoungGen      total 189952K, used 4984K [0x0000000780980000, 0x000000078d180000, 0x00000007c0000000)
  eden space 175104K, 0% used [0x0000000780980000,0x0000000780980000,0x000000078b480000)
  from space 14848K, 33% used [0x000000078b480000,0x000000078b95e2d0,0x000000078c300000)
  to   space 14848K, 0% used [0x000000078c300000,0x000000078c300000,0x000000078d180000)
 ParOldGen       total 106496K, used 24433K [0x0000000701c00000, 0x0000000708400000, 0x0000000780980000)
  object space 106496K, 22% used [0x0000000701c00000,0x00000007033dc470,0x0000000708400000)
 Metaspace       used 46857K, capacity 49621K, committed 49920K, reserved 1091584K
  class space    used 6365K, capacity 6868K, committed 6912K, reserved 1048576K
}
Event: 523.890 GC heap before
{Heap before GC invocations=21 (full 6):
 PSYoungGen      total 189952K, used 4984K [0x0000000780980000, 0x000000078d180000, 0x00000007c0000000)
  eden space 175104K, 0% used [0x0000000780980000,0x0000000780980000,0x000000078b480000)
  from space 14848K, 33% used [0x000000078b480000,0x000000078b95e2d0,0x000000078c300000)
  to   space 14848K, 0% used [0x000000078c300000,0x000000078c300000,0x000000078d180000)
 ParOldGen       total 106496K, used 24433K [0x0000000701c00000, 0x0000000708400000, 0x0000000780980000)
  object space 106496K, 22% used [0x0000000701c00000,0x00000007033dc470,0x0000000708400000)
 Metaspace       used 46857K, capacity 49621K, committed 49920K, reserved 1091584K
  class space    used 6365K, capacity 6868K, committed 6912K, reserved 1048576K
Event: 524.012 GC heap after
Heap after GC invocations=21 (full 6):
 PSYoungGen      total 189952K, used 0K [0x0000000780980000, 0x000000078d180000, 0x00000007c0000000)
  eden space 175104K, 0% used [0x0000000780980000,0x0000000780980000,0x000000078b480000)
  from space 14848K, 0% used [0x000000078b480000,0x000000078b480000,0x000000078c300000)
  to   space 14848K, 0% used [0x000000078c300000,0x000000078c300000,0x000000078d180000)
 ParOldGen       total 106496K, used 24686K [0x0000000701c00000, 0x0000000708400000, 0x0000000780980000)
  object space 106496K, 23% used [0x0000000701c00000,0x000000070341b830,0x0000000708400000)
 Metaspace       used 46843K, capacity 49597K, committed 49920K, reserved 1091584K
  class space    used 6363K, capacity 6863K, committed 6912K, reserved 1048576K
}

Deoptimization events (0 events):
No events

Classes redefined (0 events):
No events

Internal exceptions (10 events):
Event: 527.489 Thread 0x00000000208c0800 Exception <a 'java/io/IOException'> (0x0000000788cf44f0) thrown at [C:\re\workspace\8-2-build-windows-amd64-cygwin\jdk8u191\11896\hotspot\src\share\vm\prims\jni.cpp, line 709]
Event: 527.489 Thread 0x00000000208c0800 Exception <a 'java/io/IOException'> (0x0000000788cf4968) thrown at [C:\re\workspace\8-2-build-windows-amd64-cygwin\jdk8u191\11896\hotspot\src\share\vm\prims\jni.cpp, line 709]
Event: 527.491 Thread 0x00000000208c0800 Exception <a 'java/lang/ArrayIndexOutOfBoundsException'> (0x0000000788d435e0) thrown at [C:\re\workspace\8-2-build-windows-amd64-cygwin\jdk8u191\11896\hotspot\src\share\vm\runtime\sharedRuntime.cpp, line 605]
Event: 527.497 Thread 0x00000000208c0800 Exception <a 'java/lang/ArrayIndexOutOfBoundsException'> (0x0000000788de2cd8) thrown at [C:\re\workspace\8-2-build-windows-amd64-cygwin\jdk8u191\11896\hotspot\src\share\vm\runtime\sharedRuntime.cpp, line 605]
Event: 527.697 Thread 0x00000000208c0800 Exception <a 'java/io/IOException'> (0x0000000788ed0120) thrown at [C:\re\workspace\8-2-build-windows-amd64-cygwin\jdk8u191\11896\hotspot\src\share\vm\prims\jni.cpp, line 709]
Event: 527.697 Thread 0x00000000208c0800 Exception <a 'java/io/IOException'> (0x0000000788ed0598) thrown at [C:\re\workspace\8-2-build-windows-amd64-cygwin\jdk8u191\11896\hotspot\src\share\vm\prims\jni.cpp, line 709]
Event: 527.700 Thread 0x00000000208c0800 Exception <a 'java/lang/ArrayIndexOutOfBoundsException'> (0x0000000788eee910) thrown at [C:\re\workspace\8-2-build-windows-amd64-cygwin\jdk8u191\11896\hotspot\src\share\vm\runtime\sharedRuntime.cpp, line 605]
Event: 527.700 Thread 0x00000000208c0800 Exception <a 'java/lang/ArrayIndexOutOfBoundsException'> (0x0000000788eeff30) thrown at [C:\re\workspace\8-2-build-windows-amd64-cygwin\jdk8u191\11896\hotspot\src\share\vm\runtime\sharedRuntime.cpp, line 605]
Event: 527.746 Thread 0x00000000208c0800 Exception <a 'java/io/IOException'> (0x0000000789202e90) thrown at [C:\re\workspace\8-2-build-windows-amd64-cygwin\jdk8u191\11896\hotspot\src\share\vm\prims\jni.cpp, line 709]
Event: 527.746 Thread 0x00000000208c0800 Exception <a 'java/io/IOException'> (0x0000000789203308) thrown at [C:\re\workspace\8-2-build-windows-amd64-cygwin\jdk8u191\11896\hotspot\src\share\vm\prims\jni.cpp, line 709]

Events (10 events):
Event: 527.741 Thread 0x00000000208bf000 Thread added: 0x00000000208bf000
Event: 527.741 Thread 0x00000000208c9800 Thread added: 0x00000000208c9800
Event: 527.741 Thread 0x00000000208c6800 Thread added: 0x00000000208c6800
Event: 527.741 Thread 0x00000000208cb000 Thread added: 0x00000000208cb000
Event: 527.742 Thread 0x00000000208c7000 Thread added: 0x00000000208c7000
Event: 527.742 Thread 0x00000000208c8000 Thread added: 0x00000000208c8000
Event: 527.742 Thread 0x00000000208c8800 Thread added: 0x00000000208c8800
Event: 527.744 Thread 0x00000000208cb800 Thread added: 0x00000000208cb800
Event: 527.745 Thread 0x000000001e148000 Thread added: 0x000000001e148000
Event: 527.745 Thread 0x000000001e146800 Thread added: 0x000000001e146800


Dynamic libraries:
0x00007ff662170000 - 0x00007ff6621a7000 	C:\Program Files\Java\jdk1.8.0_191\bin\java.exe
0x00007fff91600000 - 0x00007fff917f0000 	C:\WINDOWS\SYSTEM32\ntdll.dll
0x00007fff8fc60000 - 0x00007fff8fd12000 	C:\WINDOWS\System32\KERNEL32.DLL
0x00007fff8f400000 - 0x00007fff8f6a4000 	C:\WINDOWS\System32\KERNELBASE.dll
0x00007fff91440000 - 0x00007fff914e3000 	C:\WINDOWS\System32\ADVAPI32.dll
0x00007fff8fdd0000 - 0x00007fff8fe6e000 	C:\WINDOWS\System32\msvcrt.dll
0x00007fff90e10000 - 0x00007fff90ea7000 	C:\WINDOWS\System32\sechost.dll
0x00007fff91270000 - 0x00007fff91390000 	C:\WINDOWS\System32\RPCRT4.dll
0x00007fff8f9f0000 - 0x00007fff8fb85000 	C:\WINDOWS\System32\USER32.dll
0x00007fff8ea70000 - 0x00007fff8ea91000 	C:\WINDOWS\System32\win32u.dll
0x00007fff91410000 - 0x00007fff91436000 	C:\WINDOWS\System32\GDI32.dll
0x00007fff8e620000 - 0x00007fff8e7b6000 	C:\WINDOWS\System32\gdi32full.dll
0x00007fff8f330000 - 0x00007fff8f3ce000 	C:\WINDOWS\System32\msvcp_win.dll
0x00007fff8e970000 - 0x00007fff8ea6a000 	C:\WINDOWS\System32\ucrtbase.dll
0x00007fff798e0000 - 0x00007fff79b64000 	C:\WINDOWS\WinSxS\amd64_microsoft.windows.common-controls_6595b64144ccf1df_6.0.18362.1016_none_9e7a36bbe461dae4\COMCTL32.dll
0x00007fff8f6b0000 - 0x00007fff8f9e5000 	C:\WINDOWS\System32\combase.dll
0x00007fff8e580000 - 0x00007fff8e600000 	C:\WINDOWS\System32\bcryptPrimitives.dll
0x00007fff8fd20000 - 0x00007fff8fd4e000 	C:\WINDOWS\System32\IMM32.DLL
0x00000000667a0000 - 0x0000000066872000 	C:\Program Files\Java\jdk1.8.0_191\jre\bin\msvcr100.dll
0x0000000065dc0000 - 0x0000000066664000 	C:\Program Files\Java\jdk1.8.0_191\jre\bin\server\jvm.dll
0x00007fff90bf0000 - 0x00007fff90bf8000 	C:\WINDOWS\System32\PSAPI.DLL
0x00007fff8cf80000 - 0x00007fff8cf89000 	C:\WINDOWS\SYSTEM32\WSOCK32.dll
0x00007fff91550000 - 0x00007fff915bf000 	C:\WINDOWS\System32\WS2_32.dll
0x00007fff862b0000 - 0x00007fff862d4000 	C:\WINDOWS\SYSTEM32\WINMM.dll
0x00007fff88a30000 - 0x00007fff88a3a000 	C:\WINDOWS\SYSTEM32\VERSION.dll
0x00007fff86280000 - 0x00007fff862ad000 	C:\WINDOWS\SYSTEM32\winmmbase.dll
0x00007fff8eaa0000 - 0x00007fff8eaea000 	C:\WINDOWS\System32\cfgmgr32.dll
0x0000000066790000 - 0x000000006679f000 	C:\Program Files\Java\jdk1.8.0_191\jre\bin\verify.dll
0x0000000066760000 - 0x0000000066789000 	C:\Program Files\Java\jdk1.8.0_191\jre\bin\java.dll
0x0000000065d30000 - 0x0000000065d53000 	C:\Program Files\Java\jdk1.8.0_191\jre\bin\instrument.dll
0x0000000065da0000 - 0x0000000065db6000 	C:\Program Files\Java\jdk1.8.0_191\jre\bin\zip.dll
0x00007fff90500000 - 0x00007fff90be7000 	C:\WINDOWS\System32\SHELL32.dll
0x00007fff90cf0000 - 0x00007fff90d99000 	C:\WINDOWS\System32\shcore.dll
0x00007fff8eaf0000 - 0x00007fff8f272000 	C:\WINDOWS\System32\windows.storage.dll
0x00007fff8e530000 - 0x00007fff8e553000 	C:\WINDOWS\System32\profapi.dll
0x00007fff8e4c0000 - 0x00007fff8e50a000 	C:\WINDOWS\System32\powrprof.dll
0x00007fff8e4b0000 - 0x00007fff8e4c0000 	C:\WINDOWS\System32\UMPDC.dll
0x00007fff90420000 - 0x00007fff90472000 	C:\WINDOWS\System32\shlwapi.dll
0x00007fff8e510000 - 0x00007fff8e521000 	C:\WINDOWS\System32\kernel.appcore.dll
0x00007fff8e600000 - 0x00007fff8e617000 	C:\WINDOWS\System32\cryptsp.dll
0x00007fff87d50000 - 0x00007fff87d6a000 	D:\I T\IntelliJ IDEA 2018.3.2\bin\breakgen64.dll
0x0000000065d80000 - 0x0000000065d9a000 	C:\Program Files\Java\jdk1.8.0_191\jre\bin\net.dll
0x00007fff8dd10000 - 0x00007fff8dd77000 	C:\WINDOWS\system32\mswsock.dll
0x0000000066750000 - 0x000000006675d000 	C:\Program Files\Java\jdk1.8.0_191\jre\bin\management.dll
0x0000000065d60000 - 0x0000000065d71000 	C:\Program Files\Java\jdk1.8.0_191\jre\bin\nio.dll
0x00007fff73560000 - 0x00007fff73576000 	C:\WINDOWS\system32\napinsp.dll
0x00007fff73540000 - 0x00007fff7355a000 	C:\WINDOWS\system32\pnrpnsp.dll
0x00007fff8da70000 - 0x00007fff8db3b000 	C:\WINDOWS\SYSTEM32\DNSAPI.dll
0x00007fff90cd0000 - 0x00007fff90cd8000 	C:\WINDOWS\System32\NSI.dll
0x00007fff8da20000 - 0x00007fff8da5a000 	C:\WINDOWS\SYSTEM32\IPHLPAPI.DLL
0x00007fff73af0000 - 0x00007fff73afe000 	C:\WINDOWS\System32\winrnr.dll
0x00007fff8abd0000 - 0x00007fff8abec000 	C:\WINDOWS\system32\NLAapi.dll
0x00007fff73520000 - 0x00007fff73535000 	C:\WINDOWS\system32\wshbth.dll
0x00007fff85cd0000 - 0x00007fff85cda000 	C:\Windows\System32\rasadhlp.dll
0x00007fff88ee0000 - 0x00007fff88f57000 	C:\WINDOWS\System32\fwpuclnt.dll
0x00007fff8f3d0000 - 0x00007fff8f3f6000 	C:\WINDOWS\System32\bcrypt.dll
0x00007fff8d880000 - 0x00007fff8d8b3000 	C:\WINDOWS\system32\rsaenh.dll
0x00007fff8e3a0000 - 0x00007fff8e3c5000 	C:\WINDOWS\SYSTEM32\USERENV.dll
0x00007fff8dee0000 - 0x00007fff8deec000 	C:\WINDOWS\SYSTEM32\CRYPTBASE.dll
0x00007fff89300000 - 0x00007fff89316000 	C:\WINDOWS\SYSTEM32\dhcpcsvc6.DLL
0x00007fff890c0000 - 0x00007fff890dc000 	C:\WINDOWS\SYSTEM32\dhcpcsvc.DLL

VM Arguments:
jvm_args: -XX:TieredStopAtLevel=1 -Xverify:none -Dspring.output.ansi.enabled=always -Dcom.sun.management.jmxremote -Dcom.sun.management.jmxremote.port=62485 -Dcom.sun.management.jmxremote.authenticate=false -Dcom.sun.management.jmxremote.ssl=false -Djava.rmi.server.hostname=localhost -Dspring.liveBeansView.mbeanDomain -Dspring.application.admin.enabled=true -javaagent:D:\I T\IntelliJ IDEA 2018.3.2\lib\idea_rt.jar=62486:D:\I T\IntelliJ IDEA 2018.3.2\bin -Dfile.encoding=UTF-8 
java_command: com.itheima.BlogSystemApplication
java_class_path (initial): C:\Program Files\Java\jdk1.8.0_191\jre\lib\charsets.jar;C:\Program Files\Java\jdk1.8.0_191\jre\lib\deploy.jar;C:\Program Files\Java\jdk1.8.0_191\jre\lib\ext\access-bridge-64.jar;C:\Program Files\Java\jdk1.8.0_191\jre\lib\ext\cldrdata.jar;C:\Program Files\Java\jdk1.8.0_191\jre\lib\ext\dnsns.jar;C:\Program Files\Java\jdk1.8.0_191\jre\lib\ext\jaccess.jar;C:\Program Files\Java\jdk1.8.0_191\jre\lib\ext\jfxrt.jar;C:\Program Files\Java\jdk1.8.0_191\jre\lib\ext\localedata.jar;C:\Program Files\Java\jdk1.8.0_191\jre\lib\ext\nashorn.jar;C:\Program Files\Java\jdk1.8.0_191\jre\lib\ext\sunec.jar;C:\Program Files\Java\jdk1.8.0_191\jre\lib\ext\sunjce_provider.jar;C:\Program Files\Java\jdk1.8.0_191\jre\lib\ext\sunmscapi.jar;C:\Program Files\Java\jdk1.8.0_191\jre\lib\ext\sunpkcs11.jar;C:\Program Files\Java\jdk1.8.0_191\jre\lib\ext\zipfs.jar;C:\Program Files\Java\jdk1.8.0_191\jre\lib\javaws.jar;C:\Program Files\Java\jdk1.8.0_191\jre\lib\jce.jar;C:\Program Files\Java\jdk1.8.0_191\jre\lib\jfr.jar;C:\Program Files\Java\jdk1.8.0_191\jre\lib\jfxswt.jar;C:\Program Files\Java\jdk1.8.0_191\jre\lib\jsse.jar;C:\Program Files\Java\jdk1.8.0_191\jre\lib\management-agent.jar;C:\Program Files\Java\jdk1.8.0_191\jre\lib\plugin.jar;C:\Program Files\Java\jdk1.8.0_191\jre\lib\resources.jar;C:\Program Files\Java\jdk1.8.0_191\jre\lib\rt.jar;D:\大三下\暑期实训\大作业2\blog_system\target\classes;D:\mvnrep\com\alibaba\druid-spring-boot-starter\1.1.10\druid-spring-boot-starter-1.1.10.jar;D:\mvnrep\com\alibaba\druid\1.1.10\druid-1.1.10.jar;D:\mvnrep\org\slf4j\slf4j-api\1.7.25\slf4j-api-1.7.25.jar;D:\mvnrep\org\springframework\boot\spring-boot-autoconfigure\2.1.3.RELEASE\spring-boot-autoconfigure-2.1.3.RELEASE.jar;D:\mvnrep\org\mybatis\spring\boot\mybatis-spring-boot-starter\2.0.0\mybatis-spring-boot-starter-2.0.0.jar;D:\mvnrep\org\springframework\boot\spring-boot-starter\2.1.3.RELEASE\spring-boot-starter-2.1.3.RELEASE.jar;D:\mvnrep\org\springframework\boot\spring-boot-starter-loggin
Launcher Type: SUN_STANDARD

Environment Variables:
JAVA_HOME=C:\Program Files\Java\jdk1.8.0_191
CLASSPATH=.;%JAVA_HOME%\lib;%JAVA_HOME%\lib\tools.jar
PATH=D:\clementine\bin\;C:\Program Files (x86)\Common Files\Oracle\Java\javapath;D:\oracle\product\11.2.0\dbhome_1\bin;C:\Program Files\Java\jdk1.8.0_191\bin;C:\Windows\System32;D:\QT\Tools\mingw530_32\bin;D:\QT\Tools\QtCreator\bin;d:\SQL sever 2008\100\Tools\Binn\;d:\SQL sever 2008\100\DTS\Binn\;d:\SQL sever 2008\100\Tools\Binn\VSShell\Common7\IDE\;C:\Program Files (x86)\Microsoft Visual Studio 9.0\Common7\IDE\PrivateAssemblies\;D:\mysql\mysql-5.7.21-winx64\mysql-5.7.21-winx64\bin;D:\Mysql 8.0.17\mysql-8.0.17-winx64\bin;C:\WINDOWS\system32;C:\WINDOWS;C:\WINDOWS\System32\Wbem;C:\WINDOWS\System32\WindowsPowerShell\v1.0\;C:\WINDOWS\System32\OpenSSH\;D:\Rose\common;C:\Program Files\dotnet;C:\Windows\Microsoft.NET\Framework\v4.0.30319;D:\Git\Git\bin;D:\apache-maven-3.6.0\bin;C:\Program Files\Microsoft SQL Server\130\Tools\Binn\;C:\Program Files\dotnet\;C:\Users\www49\AppData\Roaming\npm;D:\Node\;C:\Users\www49\AppData\Local\Microsoft\WindowsApps;D:\I T\IntelliJ IDEA 2018.3.2\bin;;D:\VScode\Microsoft VS Code\bin;D:\Node\node_global;
USERNAME=www49
OS=Windows_NT
PROCESSOR_IDENTIFIER=Intel64 Family 6 Model 142 Stepping 9, GenuineIntel



---------------  S Y S T E M  ---------------

OS: Windows 10.0 , 64 bit Build 18362 (10.0.18362.959)

CPU:total 4 (initial active 4) (2 cores per cpu, 2 threads per core) family 6 model 142 stepping 9, cmov, cx8, fxsr, mmx, sse, sse2, sse3, ssse3, sse4.1, sse4.2, popcnt, avx, avx2, aes, clmul, erms, 3dnowpref, lzcnt, ht, tsc, tscinvbit, bmi1, bmi2, adx

Memory: 4k page, physical 12464536k(5732260k free), swap 14939544k(3064k free)

vm_info: Java HotSpot(TM) 64-Bit Server VM (25.191-b12) for windows-amd64 JRE (1.8.0_191-b12), built on Oct  6 2018 09:29:03 by "java_re" with MS VC++ 10.0 (VS2010)

time: Fri Aug 28 16:16:44 2020
elapsed time: 527 seconds (0d 0h 8m 47s)

